###############################################################
#  Generated by:      Cadence Innovus 21.13-s100_1
#  OS:                Linux x86_64(Host ID ic55)
#  Generated on:      Thu Mar 13 14:18:13 2025
#  Design:            sha256
#  Command:           report_timing > ../timing.rpt
###############################################################
Path 1: MET Late External Delay Assertion 
Endpoint:   read_data[18] (v) checked with  leading edge of 'clk'
Beginpoint: cs            (v) triggered by  leading edge of 'clk'
Path Groups: {clk}
Analysis View: view_tc
Other End Arrival Time          0.000
- External Delay              300.000
+ Phase Shift                 553.000
= Required Time               253.000
- Arrival Time                250.900
= Slack Time                    2.100
     Clock Rise Edge                      0.000
     + Input Delay                        1.000
     = Beginpoint Arrival Time            1.000
     +---------------------------------------------------------------------------------------+ 
     |   Instance   |       Arc       |          Cell          |  Delay | Arrival | Required | 
     |              |                 |                        |        |  Time   |   Time   | 
     |--------------+-----------------+------------------------+--------+---------+----------| 
     |              | cs v            |                        |        |   1.000 |    3.100 | 
     | g7669        | A v -> Y ^      | INVx3_ASAP7_75t_SL     |  4.200 |   5.200 |    7.300 | 
     | FE_RC_37_0   | A ^ -> Y v      | NOR3x1_ASAP7_75t_SL    |  8.300 |  13.500 |   15.600 | 
     | FE_RC_38_0   | A v -> Y ^      | INVx2_ASAP7_75t_SL     | 10.000 |  23.500 |   25.600 | 
     | g18428__2703 | A ^ -> Y ^      | OR3x2_ASAP7_75t_SL     | 21.600 |  45.100 |   47.200 | 
     | g18424__5266 | B ^ -> Y v      | NOR2x1_ASAP7_75t_SL    | 13.100 |  58.200 |   60.300 | 
     | g18411__1309 | B v -> Y v      | AND2x2_ASAP7_75t_SL    | 18.800 |  77.000 |   79.100 | 
     | g18407       | A v -> Y ^      | INVx2_ASAP7_75t_SL     |  8.900 |  85.900 |   88.000 | 
     | g18384__2391 | B ^ -> Y v      | NOR2xp33_ASAP7_75t_L   | 40.100 | 126.000 |  128.100 | 
     | g18084__6083 | C v -> Y v      | AO221x1_ASAP7_75t_SL   | 30.800 | 156.800 |  158.900 | 
     | g17985__9682 | C v -> Y ^      | AOI221xp5_ASAP7_75t_SL | 28.600 | 185.400 |  187.500 | 
     | g17917__2703 | B ^ -> Y v      | NAND5xp2_ASAP7_75t_SL  | 59.600 | 245.000 |  247.100 | 
     |              | read_data[18] v |                        |  5.900 | 250.900 |  253.000 | 
     +---------------------------------------------------------------------------------------+ 

